============================= test session starts ==============================
platform linux -- Python 3.10.10, pytest-7.3.1, pluggy-1.0.0
rootdir: /home/seuronao/Documents/Equation Solver-04-24-2023-03-36-22/ViniciusCarvalhoLima
collected 20 items

test_grau_1.py FFFFFFF                                                   [ 35%]
test_grau_2.py FF.....F                                                  [ 75%]
test_grau_invalido.py .....                                              [100%]

=================================== FAILURES ===================================
________________ test_grau_1_a_0[test_input0-expected_output0] _________________

monkeypatch = <_pytest.monkeypatch.MonkeyPatch object at 0x7f56250c21d0>
test_input = []
expected_output = ['A equação é do primeiro grau', 'Valor de a inválido']

    @pytest.mark.parametrize(
        "test_input, expected_output",
        [
            (["1", "0"], ["A equação é do primeiro grau", "Valor de a inválido"]),
        ],
    )
    def test_grau_1_a_0(monkeypatch: MonkeyPatch, test_input: list[str], expected_output: str):
        mocked_input = lambda prompt="": test_input.pop(0)
    
        mocked_stdout = io.StringIO()
    
        with monkeypatch.context() as m:
            m.setattr(builtins, "input", mocked_input)
            m.setattr(sys, "stdout", mocked_stdout)
    
            sys.modules.pop("main", None)
>           importlib.import_module(name="main", package="files")

test_grau_1.py:26: 
_ _ _ _ _ _ _ _ _ _ _ _ _ _ _ _ _ _ _ _ _ _ _ _ _ _ _ _ _ _ _ _ _ _ _ _ _ _ _ _ 
/usr/lib/python3.10/importlib/__init__.py:126: in import_module
    return _bootstrap._gcd_import(name[level:], package, level)
<frozen importlib._bootstrap>:1050: in _gcd_import
    ???
<frozen importlib._bootstrap>:1027: in _find_and_load
    ???
<frozen importlib._bootstrap>:1006: in _find_and_load_unlocked
    ???
<frozen importlib._bootstrap>:688: in _load_unlocked
    ???
<frozen importlib._bootstrap_external>:883: in exec_module
    ???
<frozen importlib._bootstrap>:241: in _call_with_frames_removed
    ???
main.py:9: in <module>
    b = int(input("Digite valor de B:\n"))
_ _ _ _ _ _ _ _ _ _ _ _ _ _ _ _ _ _ _ _ _ _ _ _ _ _ _ _ _ _ _ _ _ _ _ _ _ _ _ _ 

prompt = 'Digite valor de B:\n'

>   mocked_input = lambda prompt="": test_input.pop(0)
E   IndexError: pop from empty list

test_grau_1.py:17: IndexError
__________________ test_grau_1[test_input0-expected_output0] ___________________

monkeypatch = <_pytest.monkeypatch.MonkeyPatch object at 0x7f562510a7a0>
test_input = [], expected_output = ['A equação é do primeiro grau', '0.00']

    @pytest.mark.parametrize(
        "test_input, expected_output",
        [
            (["1", "1", "0"], ["A equação é do primeiro grau", "0.00"]),
            (["1", "2", "0"], ["A equação é do primeiro grau", "0.00"]),
            (["1", "10", "0"], ["A equação é do primeiro grau", "0.00"]),
            (["1", "1", "-5"], ["A equação é do primeiro grau", "5.00"]),
            (["1", "2", "4"], ["A equação é do primeiro grau", "-2.00"]),
            (["1", "2", "-4"], ["A equação é do primeiro grau", "2.00"]),
        ],
    )
    def test_grau_1(monkeypatch: MonkeyPatch, test_input: list[str], expected_output: list[str]):
        mocked_input = lambda prompt="": test_input.pop(0)
    
        mocked_stdout = io.StringIO()
    
        with monkeypatch.context() as m:
            m.setattr(builtins, "input", mocked_input)
            m.setattr(sys, "stdout", mocked_stdout)
    
            sys.modules.pop("main", None)
            importlib.import_module(name="main", package="files")
    
        for output in expected_output:
>           assert output in mocked_stdout.getvalue().strip()
E           AssertionError: assert '0.00' in 'A equação é do primeiro grau\n0.0'
E            +  where 'A equação é do primeiro grau\n0.0' = <built-in method strip of str object at 0x7f56250ce410>()
E            +    where <built-in method strip of str object at 0x7f56250ce410> = 'A equação é do primeiro grau\n0.0\n'.strip
E            +      where 'A equação é do primeiro grau\n0.0\n' = <built-in method getvalue of _io.StringIO object at 0x7f56250e2b00>()
E            +        where <built-in method getvalue of _io.StringIO object at 0x7f56250e2b00> = <_io.StringIO object at 0x7f56250e2b00>.getvalue

test_grau_1.py:56: AssertionError
__________________ test_grau_1[test_input1-expected_output1] ___________________

monkeypatch = <_pytest.monkeypatch.MonkeyPatch object at 0x7f56252508e0>
test_input = [], expected_output = ['A equação é do primeiro grau', '0.00']

    @pytest.mark.parametrize(
        "test_input, expected_output",
        [
            (["1", "1", "0"], ["A equação é do primeiro grau", "0.00"]),
            (["1", "2", "0"], ["A equação é do primeiro grau", "0.00"]),
            (["1", "10", "0"], ["A equação é do primeiro grau", "0.00"]),
            (["1", "1", "-5"], ["A equação é do primeiro grau", "5.00"]),
            (["1", "2", "4"], ["A equação é do primeiro grau", "-2.00"]),
            (["1", "2", "-4"], ["A equação é do primeiro grau", "2.00"]),
        ],
    )
    def test_grau_1(monkeypatch: MonkeyPatch, test_input: list[str], expected_output: list[str]):
        mocked_input = lambda prompt="": test_input.pop(0)
    
        mocked_stdout = io.StringIO()
    
        with monkeypatch.context() as m:
            m.setattr(builtins, "input", mocked_input)
            m.setattr(sys, "stdout", mocked_stdout)
    
            sys.modules.pop("main", None)
            importlib.import_module(name="main", package="files")
    
        for output in expected_output:
>           assert output in mocked_stdout.getvalue().strip()
E           AssertionError: assert '0.00' in 'A equação é do primeiro grau\n0.0'
E            +  where 'A equação é do primeiro grau\n0.0' = <built-in method strip of str object at 0x7f56250cefe0>()
E            +    where <built-in method strip of str object at 0x7f56250cefe0> = 'A equação é do primeiro grau\n0.0\n'.strip
E            +      where 'A equação é do primeiro grau\n0.0\n' = <built-in method getvalue of _io.StringIO object at 0x7f56250e3250>()
E            +        where <built-in method getvalue of _io.StringIO object at 0x7f56250e3250> = <_io.StringIO object at 0x7f56250e3250>.getvalue

test_grau_1.py:56: AssertionError
__________________ test_grau_1[test_input2-expected_output2] ___________________

monkeypatch = <_pytest.monkeypatch.MonkeyPatch object at 0x7f5625250a00>
test_input = [], expected_output = ['A equação é do primeiro grau', '0.00']

    @pytest.mark.parametrize(
        "test_input, expected_output",
        [
            (["1", "1", "0"], ["A equação é do primeiro grau", "0.00"]),
            (["1", "2", "0"], ["A equação é do primeiro grau", "0.00"]),
            (["1", "10", "0"], ["A equação é do primeiro grau", "0.00"]),
            (["1", "1", "-5"], ["A equação é do primeiro grau", "5.00"]),
            (["1", "2", "4"], ["A equação é do primeiro grau", "-2.00"]),
            (["1", "2", "-4"], ["A equação é do primeiro grau", "2.00"]),
        ],
    )
    def test_grau_1(monkeypatch: MonkeyPatch, test_input: list[str], expected_output: list[str]):
        mocked_input = lambda prompt="": test_input.pop(0)
    
        mocked_stdout = io.StringIO()
    
        with monkeypatch.context() as m:
            m.setattr(builtins, "input", mocked_input)
            m.setattr(sys, "stdout", mocked_stdout)
    
            sys.modules.pop("main", None)
            importlib.import_module(name="main", package="files")
    
        for output in expected_output:
>           assert output in mocked_stdout.getvalue().strip()
E           AssertionError: assert '0.00' in 'A equação é do primeiro grau\n0.0'
E            +  where 'A equação é do primeiro grau\n0.0' = <built-in method strip of str object at 0x7f56250cf910>()
E            +    where <built-in method strip of str object at 0x7f56250cf910> = 'A equação é do primeiro grau\n0.0\n'.strip
E            +      where 'A equação é do primeiro grau\n0.0\n' = <built-in method getvalue of _io.StringIO object at 0x7f56250e3130>()
E            +        where <built-in method getvalue of _io.StringIO object at 0x7f56250e3130> = <_io.StringIO object at 0x7f56250e3130>.getvalue

test_grau_1.py:56: AssertionError
__________________ test_grau_1[test_input3-expected_output3] ___________________

monkeypatch = <_pytest.monkeypatch.MonkeyPatch object at 0x7f56250c37f0>
test_input = [], expected_output = ['A equação é do primeiro grau', '5.00']

    @pytest.mark.parametrize(
        "test_input, expected_output",
        [
            (["1", "1", "0"], ["A equação é do primeiro grau", "0.00"]),
            (["1", "2", "0"], ["A equação é do primeiro grau", "0.00"]),
            (["1", "10", "0"], ["A equação é do primeiro grau", "0.00"]),
            (["1", "1", "-5"], ["A equação é do primeiro grau", "5.00"]),
            (["1", "2", "4"], ["A equação é do primeiro grau", "-2.00"]),
            (["1", "2", "-4"], ["A equação é do primeiro grau", "2.00"]),
        ],
    )
    def test_grau_1(monkeypatch: MonkeyPatch, test_input: list[str], expected_output: list[str]):
        mocked_input = lambda prompt="": test_input.pop(0)
    
        mocked_stdout = io.StringIO()
    
        with monkeypatch.context() as m:
            m.setattr(builtins, "input", mocked_input)
            m.setattr(sys, "stdout", mocked_stdout)
    
            sys.modules.pop("main", None)
            importlib.import_module(name="main", package="files")
    
        for output in expected_output:
>           assert output in mocked_stdout.getvalue().strip()
E           AssertionError: assert '5.00' in 'A equação é do primeiro grau\n5.0'
E            +  where 'A equação é do primeiro grau\n5.0' = <built-in method strip of str object at 0x7f562513c500>()
E            +    where <built-in method strip of str object at 0x7f562513c500> = 'A equação é do primeiro grau\n5.0\n'.strip
E            +      where 'A equação é do primeiro grau\n5.0\n' = <built-in method getvalue of _io.StringIO object at 0x7f56250e3010>()
E            +        where <built-in method getvalue of _io.StringIO object at 0x7f56250e3010> = <_io.StringIO object at 0x7f56250e3010>.getvalue

test_grau_1.py:56: AssertionError
__________________ test_grau_1[test_input4-expected_output4] ___________________

monkeypatch = <_pytest.monkeypatch.MonkeyPatch object at 0x7f562510bee0>
test_input = [], expected_output = ['A equação é do primeiro grau', '-2.00']

    @pytest.mark.parametrize(
        "test_input, expected_output",
        [
            (["1", "1", "0"], ["A equação é do primeiro grau", "0.00"]),
            (["1", "2", "0"], ["A equação é do primeiro grau", "0.00"]),
            (["1", "10", "0"], ["A equação é do primeiro grau", "0.00"]),
            (["1", "1", "-5"], ["A equação é do primeiro grau", "5.00"]),
            (["1", "2", "4"], ["A equação é do primeiro grau", "-2.00"]),
            (["1", "2", "-4"], ["A equação é do primeiro grau", "2.00"]),
        ],
    )
    def test_grau_1(monkeypatch: MonkeyPatch, test_input: list[str], expected_output: list[str]):
        mocked_input = lambda prompt="": test_input.pop(0)
    
        mocked_stdout = io.StringIO()
    
        with monkeypatch.context() as m:
            m.setattr(builtins, "input", mocked_input)
            m.setattr(sys, "stdout", mocked_stdout)
    
            sys.modules.pop("main", None)
            importlib.import_module(name="main", package="files")
    
        for output in expected_output:
>           assert output in mocked_stdout.getvalue().strip()
E           AssertionError: assert '-2.00' in 'A equação é do primeiro grau\n-2.0'
E            +  where 'A equação é do primeiro grau\n-2.0' = <built-in method strip of str object at 0x7f562513c7a0>()
E            +    where <built-in method strip of str object at 0x7f562513c7a0> = 'A equação é do primeiro grau\n-2.0\n'.strip
E            +      where 'A equação é do primeiro grau\n-2.0\n' = <built-in method getvalue of _io.StringIO object at 0x7f56250e2f80>()
E            +        where <built-in method getvalue of _io.StringIO object at 0x7f56250e2f80> = <_io.StringIO object at 0x7f56250e2f80>.getvalue

test_grau_1.py:56: AssertionError
__________________ test_grau_1[test_input5-expected_output5] ___________________

monkeypatch = <_pytest.monkeypatch.MonkeyPatch object at 0x7f5625141600>
test_input = [], expected_output = ['A equação é do primeiro grau', '2.00']

    @pytest.mark.parametrize(
        "test_input, expected_output",
        [
            (["1", "1", "0"], ["A equação é do primeiro grau", "0.00"]),
            (["1", "2", "0"], ["A equação é do primeiro grau", "0.00"]),
            (["1", "10", "0"], ["A equação é do primeiro grau", "0.00"]),
            (["1", "1", "-5"], ["A equação é do primeiro grau", "5.00"]),
            (["1", "2", "4"], ["A equação é do primeiro grau", "-2.00"]),
            (["1", "2", "-4"], ["A equação é do primeiro grau", "2.00"]),
        ],
    )
    def test_grau_1(monkeypatch: MonkeyPatch, test_input: list[str], expected_output: list[str]):
        mocked_input = lambda prompt="": test_input.pop(0)
    
        mocked_stdout = io.StringIO()
    
        with monkeypatch.context() as m:
            m.setattr(builtins, "input", mocked_input)
            m.setattr(sys, "stdout", mocked_stdout)
    
            sys.modules.pop("main", None)
            importlib.import_module(name="main", package="files")
    
        for output in expected_output:
>           assert output in mocked_stdout.getvalue().strip()
E           AssertionError: assert '2.00' in 'A equação é do primeiro grau\n2.0'
E            +  where 'A equação é do primeiro grau\n2.0' = <built-in method strip of str object at 0x7f562513cea0>()
E            +    where <built-in method strip of str object at 0x7f562513cea0> = 'A equação é do primeiro grau\n2.0\n'.strip
E            +      where 'A equação é do primeiro grau\n2.0\n' = <built-in method getvalue of _io.StringIO object at 0x7f56250e2ef0>()
E            +        where <built-in method getvalue of _io.StringIO object at 0x7f56250e2ef0> = <_io.StringIO object at 0x7f56250e2ef0>.getvalue

test_grau_1.py:56: AssertionError
________________ test_grau_2_a_0[test_input0-expected_output0] _________________

monkeypatch = <_pytest.monkeypatch.MonkeyPatch object at 0x7f5625109330>
test_input = []
expected_output = ['A equação é do segundo grau', 'Valor de a inválido']

    @pytest.mark.parametrize(
        "test_input, expected_output",
        [
            (["2", "0"], ["A equação é do segundo grau", "Valor de a inválido"]),
        ],
    )
    def test_grau_2_a_0(monkeypatch: MonkeyPatch, test_input: list[str], expected_output: list[str]):
        mocked_input = lambda prompt="": test_input.pop(0)
    
        mocked_stdout = io.StringIO()
    
        with monkeypatch.context() as m:
            m.setattr(builtins, "input", mocked_input)
            m.setattr(sys, "stdout", mocked_stdout)
    
            sys.modules.pop("main", None)
>           importlib.import_module(name="main", package="files")

test_grau_2.py:26: 
_ _ _ _ _ _ _ _ _ _ _ _ _ _ _ _ _ _ _ _ _ _ _ _ _ _ _ _ _ _ _ _ _ _ _ _ _ _ _ _ 
/usr/lib/python3.10/importlib/__init__.py:126: in import_module
    return _bootstrap._gcd_import(name[level:], package, level)
<frozen importlib._bootstrap>:1050: in _gcd_import
    ???
<frozen importlib._bootstrap>:1027: in _find_and_load
    ???
<frozen importlib._bootstrap>:1006: in _find_and_load_unlocked
    ???
<frozen importlib._bootstrap>:688: in _load_unlocked
    ???
<frozen importlib._bootstrap_external>:883: in exec_module
    ???
<frozen importlib._bootstrap>:241: in _call_with_frames_removed
    ???
main.py:19: in <module>
    b = int(input("Digite valor de B:\n"))
_ _ _ _ _ _ _ _ _ _ _ _ _ _ _ _ _ _ _ _ _ _ _ _ _ _ _ _ _ _ _ _ _ _ _ _ _ _ _ _ 

prompt = 'Digite valor de B:\n'

>   mocked_input = lambda prompt="": test_input.pop(0)
E   IndexError: pop from empty list

test_grau_2.py:17: IndexError
__________________ test_grau_2[test_input0-expected_output0] ___________________

monkeypatch = <_pytest.monkeypatch.MonkeyPatch object at 0x7f562514a0b0>
test_input = []
expected_output = ['A equação é do segundo grau', 'A equação possui apenas uma raiz real', '0.00']

    @pytest.mark.parametrize(
        "test_input, expected_output",
        [
            (["2", "1", "0", "0"], ["A equação é do segundo grau",
                                    "A equação possui apenas uma raiz real", "0.00"]),
            (["2", "1", "0", "1"], ["A equação é do segundo grau",
                                    "A equação não possui raízes reais"]),
            (["2", "1", "0", "-1"], ["A equação é do segundo grau",
                                     "A equação possui duas raízes reais", "-1.00", "1.00"]),
            (["2", "1", "1", "0"], ["A equação é do segundo grau",
                                    "A equação possui duas raízes reais", "-1.00", "0.00"]),
            (["2", "1", "1", "1"], ["A equação é do segundo grau",
                                    "A equação não possui raízes reais"]),
            (["2", "1", "2", "0"], ["A equação é do segundo grau",
                                    "A equação possui duas raízes reais", "-2.00", "0.00"]),
            (["2", "2", "0", "0"], ["A equação é do segundo grau",
                                    "A equação possui apenas uma raiz real", "0.00"]),
        ]
    )
    def test_grau_2(monkeypatch: MonkeyPatch, test_input: list[str], expected_output: list[str]):
        mocked_input = lambda prompt="": test_input.pop(0)
    
        mocked_stdout = io.StringIO()
    
        with monkeypatch.context() as m:
            m.setattr(builtins, "input", mocked_input)
            m.setattr(sys, "stdout", mocked_stdout)
    
            sys.modules.pop("main", None)
            importlib.import_module(name="main", package="files")
    
        for output in expected_output:
>           assert output in mocked_stdout.getvalue().strip()
E           AssertionError: assert 'A equação possui apenas uma raiz real' in 'A equação é do segundo grau\nA equação possui uma raiz real: 0.00'
E            +  where 'A equação é do segundo grau\nA equação possui uma raiz real: 0.00' = <built-in method strip of str object at 0x7f5625174030>()
E            +    where <built-in method strip of str object at 0x7f5625174030> = 'A equação é do segundo grau\nA equação possui uma raiz real: 0.00\n'.strip
E            +      where 'A equação é do segundo grau\nA equação possui uma raiz real: 0.00\n' = <built-in method getvalue of _io.StringIO object at 0x7f56250e3e20>()
E            +        where <built-in method getvalue of _io.StringIO object at 0x7f56250e3e20> = <_io.StringIO object at 0x7f56250e3e20>.getvalue

test_grau_2.py:64: AssertionError
__________________ test_grau_2[test_input6-expected_output6] ___________________

monkeypatch = <_pytest.monkeypatch.MonkeyPatch object at 0x7f562510a380>
test_input = []
expected_output = ['A equação é do segundo grau', 'A equação possui apenas uma raiz real', '0.00']

    @pytest.mark.parametrize(
        "test_input, expected_output",
        [
            (["2", "1", "0", "0"], ["A equação é do segundo grau",
                                    "A equação possui apenas uma raiz real", "0.00"]),
            (["2", "1", "0", "1"], ["A equação é do segundo grau",
                                    "A equação não possui raízes reais"]),
            (["2", "1", "0", "-1"], ["A equação é do segundo grau",
                                     "A equação possui duas raízes reais", "-1.00", "1.00"]),
            (["2", "1", "1", "0"], ["A equação é do segundo grau",
                                    "A equação possui duas raízes reais", "-1.00", "0.00"]),
            (["2", "1", "1", "1"], ["A equação é do segundo grau",
                                    "A equação não possui raízes reais"]),
            (["2", "1", "2", "0"], ["A equação é do segundo grau",
                                    "A equação possui duas raízes reais", "-2.00", "0.00"]),
            (["2", "2", "0", "0"], ["A equação é do segundo grau",
                                    "A equação possui apenas uma raiz real", "0.00"]),
        ]
    )
    def test_grau_2(monkeypatch: MonkeyPatch, test_input: list[str], expected_output: list[str]):
        mocked_input = lambda prompt="": test_input.pop(0)
    
        mocked_stdout = io.StringIO()
    
        with monkeypatch.context() as m:
            m.setattr(builtins, "input", mocked_input)
            m.setattr(sys, "stdout", mocked_stdout)
    
            sys.modules.pop("main", None)
            importlib.import_module(name="main", package="files")
    
        for output in expected_output:
>           assert output in mocked_stdout.getvalue().strip()
E           AssertionError: assert 'A equação possui apenas uma raiz real' in 'A equação é do segundo grau\nA equação possui uma raiz real: 0.00'
E            +  where 'A equação é do segundo grau\nA equação possui uma raiz real: 0.00' = <built-in method strip of str object at 0x7f5625174930>()
E            +    where <built-in method strip of str object at 0x7f5625174930> = 'A equação é do segundo grau\nA equação possui uma raiz real: 0.00\n'.strip
E            +      where 'A equação é do segundo grau\nA equação possui uma raiz real: 0.00\n' = <built-in method getvalue of _io.StringIO object at 0x7f56251748b0>()
E            +        where <built-in method getvalue of _io.StringIO object at 0x7f56251748b0> = <_io.StringIO object at 0x7f56251748b0>.getvalue

test_grau_2.py:64: AssertionError
=========================== short test summary info ============================
FAILED test_grau_1.py::test_grau_1_a_0[test_input0-expected_output0] - IndexE...
FAILED test_grau_1.py::test_grau_1[test_input0-expected_output0] - AssertionE...
FAILED test_grau_1.py::test_grau_1[test_input1-expected_output1] - AssertionE...
FAILED test_grau_1.py::test_grau_1[test_input2-expected_output2] - AssertionE...
FAILED test_grau_1.py::test_grau_1[test_input3-expected_output3] - AssertionE...
FAILED test_grau_1.py::test_grau_1[test_input4-expected_output4] - AssertionE...
FAILED test_grau_1.py::test_grau_1[test_input5-expected_output5] - AssertionE...
FAILED test_grau_2.py::test_grau_2_a_0[test_input0-expected_output0] - IndexE...
FAILED test_grau_2.py::test_grau_2[test_input0-expected_output0] - AssertionE...
FAILED test_grau_2.py::test_grau_2[test_input6-expected_output6] - AssertionE...
======================== 10 failed, 10 passed in 0.09s =========================
